<?xml version="1.0" encoding="UTF-8"?>
<!-- Generated by org.testng.reporters.JUnitReportReporter -->
<testsuite hostname="DESKTOP-JJ6ULOB" failures="0" tests="4" name="com.vandvtechsolution.netbanking.testcases.LoginTc002" time="75.576" errors="0" timestamp="2022-04-19T21:18:37 IST" skipped="0">
  <testcase classname="com.vandvtechsolution.netbanking.testcases.LoginTc002" name="verifyLoginFunctionalityDDTest" time="27.929"/>
  <system-out/>
  <testcase classname="com.vandvtechsolution.netbanking.testcases.LoginTc002" name="verifyLoginFunctionalityDDTest" time="14.802"/>
  <system-out/>
  <testcase classname="com.vandvtechsolution.netbanking.testcases.LoginTc002" name="verifyLoginFunctionalityDDTest" time="14.278"/>
  <system-out/>
  <testcase classname="com.vandvtechsolution.netbanking.testcases.LoginTc002" name="verifyLoginFunctionalityDDTest" time="18.567"/>
  <system-out/>
</testsuite> <!-- com.vandvtechsolution.netbanking.testcases.LoginTc002 -->
