<?xml version="1.0" encoding="UTF-8"?>
<!-- Generated by org.testng.reporters.JUnitReportReporter -->
<testsuite hostname="DESKTOP-JJ6ULOB" failures="0" tests="1" name="com.vandvtechsolution.netbanking.testcases.LoginTc001" time="20.455" errors="0" timestamp="2022-04-16T21:50:03 IST" skipped="0">
  <testcase classname="com.vandvtechsolution.netbanking.testcases.LoginTc001" name="verifyLoginFunctionalityTC001" time="20.455"/>
  <system-out/>
</testsuite> <!-- com.vandvtechsolution.netbanking.testcases.LoginTc001 -->
